2018-03-17 07:19:13 816 [Note] Plugin 'FEDERATED' is disabled.
2018-03-17 07:19:13 816 [Note] InnoDB: The InnoDB memory heap is disabled
2018-03-17 07:19:13 816 [Note] InnoDB: Mutexes and rw_locks use Windows interlocked functions
2018-03-17 07:19:13 816 [Note] InnoDB: Compressed tables use zlib 1.2.3
2018-03-17 07:19:13 816 [Note] InnoDB: Not using CPU crc32 instructions
2018-03-17 07:19:13 816 [Note] InnoDB: Initializing buffer pool, size = 128.0M
2018-03-17 07:19:13 816 [Note] InnoDB: Completed initialization of buffer pool
2018-03-17 07:19:13 816 [Note] InnoDB: Highest supported file format is Barracuda.
2018-03-17 07:19:13 816 [Note] InnoDB: The log sequence numbers 1626134 and 1626134 in ibdata files do not match the log sequence number 3077815 in the ib_logfiles!
2018-03-17 07:19:13 816 [Note] InnoDB: Database was not shutdown normally!
2018-03-17 07:19:13 816 [Note] InnoDB: Starting crash recovery.
2018-03-17 07:19:13 816 [Note] InnoDB: Reading tablespace information from the .ibd files...
2018-03-17 07:19:13 816 [Note] InnoDB: Restoring possible half-written data pages 
2018-03-17 07:19:13 816 [Note] InnoDB: from the doublewrite buffer...
2018-03-17 07:19:14 816 [Note] InnoDB: 128 rollback segment(s) are active.
2018-03-17 07:19:14 816 [Note] InnoDB: Waiting for purge to start
2018-03-17 07:19:14 816 [Note] InnoDB: 5.6.13 started; log sequence number 3077815
2018-03-17 07:19:14 816 [Note] Server hostname (bind-address): '*'; port: 3307
2018-03-17 07:19:14 816 [Note] IPv6 is available.
2018-03-17 07:19:14 816 [Note]   - '::' resolves to '::';
2018-03-17 07:19:14 816 [Note] Server socket created on IP: '::'.
2018-03-17 07:19:14 816 [Note] Event Scheduler: Loaded 0 events
2018-03-17 07:19:14 816 [Note] C:\Users\Pistacho\Desktop\Proyectos\java\github\pokemonJava\usbwebserver/mysql/bin/mysqld_usbwv8.exe: ready for connections.
Version: '5.6.13'  socket: ''  port: 3307  MySQL Community Server (GPL)
2018-03-17 11:15:49 47032 [Note] Plugin 'FEDERATED' is disabled.
2018-03-17 11:15:49 47032 [Note] InnoDB: The InnoDB memory heap is disabled
2018-03-17 11:15:49 47032 [Note] InnoDB: Mutexes and rw_locks use Windows interlocked functions
2018-03-17 11:15:49 47032 [Note] InnoDB: Compressed tables use zlib 1.2.3
2018-03-17 11:15:49 47032 [Note] InnoDB: Not using CPU crc32 instructions
2018-03-17 11:15:49 47032 [Note] InnoDB: Initializing buffer pool, size = 128.0M
2018-03-17 11:15:49 47032 [Note] InnoDB: Completed initialization of buffer pool
2018-03-17 11:15:49 47032 [ERROR] InnoDB: C:\Users\Pistacho\Desktop\Proyectos\java\github\pokemonJava\usbwebserver\mysql\data\ibdata1 can't be opened in read-write mode
2018-03-17 11:15:49 47032 [ERROR] InnoDB: The system tablespace must be writable!
2018-03-17 11:15:49 47032 [ERROR] Plugin 'InnoDB' init function returned error.
2018-03-17 11:15:49 47032 [ERROR] Plugin 'InnoDB' registration as a STORAGE ENGINE failed.
2018-03-17 11:15:49 47032 [ERROR] Unknown/unsupported storage engine: InnoDB
2018-03-17 11:15:49 47032 [ERROR] Aborting

2018-03-17 11:15:49 47032 [Note] Binlog end
2018-03-17 11:15:49 47032 [Note] Shutting down plugin 'partition'
2018-03-17 11:15:49 47032 [Note] Shutting down plugin 'PERFORMANCE_SCHEMA'
2018-03-17 11:15:49 47032 [Note] Shutting down plugin 'INNODB_SYS_DATAFILES'
2018-03-17 11:15:49 47032 [Note] Shutting down plugin 'INNODB_SYS_TABLESPACES'
2018-03-17 11:15:49 47032 [Note] Shutting down plugin 'INNODB_SYS_FOREIGN_COLS'
2018-03-17 11:15:49 47032 [Note] Shutting down plugin 'INNODB_SYS_FOREIGN'
2018-03-17 11:15:49 47032 [Note] Shutting down plugin 'INNODB_SYS_FIELDS'
2018-03-17 11:15:49 47032 [Note] Shutting down plugin 'INNODB_SYS_COLUMNS'
2018-03-17 11:15:49 47032 [Note] Shutting down plugin 'INNODB_SYS_INDEXES'
2018-03-17 11:15:49 47032 [Note] Shutting down plugin 'INNODB_SYS_TABLESTATS'
2018-03-17 11:15:49 47032 [Note] Shutting down plugin 'INNODB_SYS_TABLES'
2018-03-17 11:15:49 47032 [Note] Shutting down plugin 'INNODB_FT_INDEX_TABLE'
2018-03-17 11:15:49 47032 [Note] Shutting down plugin 'INNODB_FT_INDEX_CACHE'
2018-03-17 11:15:49 47032 [Note] Shutting down plugin 'INNODB_FT_CONFIG'
2018-03-17 11:15:49 47032 [Note] Shutting down plugin 'INNODB_FT_BEING_DELETED'
2018-03-17 11:15:49 47032 [Note] Shutting down plugin 'INNODB_FT_DELETED'
2018-03-17 11:15:49 47032 [Note] Shutting down plugin 'INNODB_FT_DEFAULT_STOPWORD'
2018-03-17 11:15:49 47032 [Note] Shutting down plugin 'INNODB_METRICS'
2018-03-17 11:15:49 47032 [Note] Shutting down plugin 'INNODB_BUFFER_POOL_STATS'
2018-03-17 11:15:49 47032 [Note] Shutting down plugin 'INNODB_BUFFER_PAGE_LRU'
2018-03-17 11:15:49 47032 [Note] Shutting down plugin 'INNODB_BUFFER_PAGE'
2018-03-17 11:15:49 47032 [Note] Shutting down plugin 'INNODB_CMP_PER_INDEX_RESET'
2018-03-17 11:15:49 47032 [Note] Shutting down plugin 'INNODB_CMP_PER_INDEX'
2018-03-17 11:15:49 47032 [Note] Shutting down plugin 'INNODB_CMPMEM_RESET'
2018-03-17 11:15:49 47032 [Note] Shutting down plugin 'INNODB_CMPMEM'
2018-03-17 11:15:49 47032 [Note] Shutting down plugin 'INNODB_CMP_RESET'
2018-03-17 11:15:49 47032 [Note] Shutting down plugin 'INNODB_CMP'
2018-03-17 11:15:49 47032 [Note] Shutting down plugin 'INNODB_LOCK_WAITS'
2018-03-17 11:15:49 47032 [Note] Shutting down plugin 'INNODB_LOCKS'
2018-03-17 11:15:49 47032 [Note] Shutting down plugin 'INNODB_TRX'
2018-03-17 11:15:49 47032 [Note] Shutting down plugin 'BLACKHOLE'
2018-03-17 11:15:49 47032 [Note] Shutting down plugin 'ARCHIVE'
2018-03-17 11:15:49 47032 [Note] Shutting down plugin 'MRG_MYISAM'
2018-03-17 11:15:49 47032 [Note] Shutting down plugin 'MyISAM'
2018-03-17 11:15:49 47032 [Note] Shutting down plugin 'MEMORY'
2018-03-17 11:15:49 47032 [Note] Shutting down plugin 'CSV'
2018-03-17 11:15:49 47032 [Note] Shutting down plugin 'sha256_password'
2018-03-17 11:15:49 47032 [Note] Shutting down plugin 'mysql_old_password'
2018-03-17 11:15:49 47032 [Note] Shutting down plugin 'mysql_native_password'
2018-03-17 11:15:49 47032 [Note] Shutting down plugin 'binlog'
2018-03-17 11:15:49 47032 [Note] C:\Users\Pistacho\Desktop\Proyectos\java\github\pokemonJava\usbwebserver/mysql/bin/mysqld_usbwv8.exe: Shutdown complete

2018-03-17 11:16:07 47736 [Note] Plugin 'FEDERATED' is disabled.
2018-03-17 11:16:07 47736 [Note] InnoDB: The InnoDB memory heap is disabled
2018-03-17 11:16:07 47736 [Note] InnoDB: Mutexes and rw_locks use Windows interlocked functions
2018-03-17 11:16:07 47736 [Note] InnoDB: Compressed tables use zlib 1.2.3
2018-03-17 11:16:07 47736 [Note] InnoDB: Not using CPU crc32 instructions
2018-03-17 11:16:07 47736 [Note] InnoDB: Initializing buffer pool, size = 128.0M
2018-03-17 11:16:07 47736 [Note] InnoDB: Completed initialization of buffer pool
2018-03-17 11:16:07 47736 [Note] InnoDB: Highest supported file format is Barracuda.
2018-03-17 11:16:07 47736 [Note] InnoDB: The log sequence numbers 1626134 and 1626134 in ibdata files do not match the log sequence number 3386015 in the ib_logfiles!
2018-03-17 11:16:07 47736 [Note] InnoDB: Database was not shutdown normally!
2018-03-17 11:16:07 47736 [Note] InnoDB: Starting crash recovery.
2018-03-17 11:16:07 47736 [Note] InnoDB: Reading tablespace information from the .ibd files...
2018-03-17 11:16:07 47736 [Note] InnoDB: Restoring possible half-written data pages 
2018-03-17 11:16:07 47736 [Note] InnoDB: from the doublewrite buffer...
2018-03-17 11:16:07 47736 [Note] InnoDB: 128 rollback segment(s) are active.
2018-03-17 11:16:07 47736 [Note] InnoDB: Waiting for purge to start
2018-03-17 11:16:07 47736 [Note] InnoDB: 5.6.13 started; log sequence number 3386015
2018-03-17 11:16:07 47736 [Note] Server hostname (bind-address): '*'; port: 3307
2018-03-17 11:16:07 47736 [Note] IPv6 is available.
2018-03-17 11:16:07 47736 [Note]   - '::' resolves to '::';
2018-03-17 11:16:07 47736 [Note] Server socket created on IP: '::'.
2018-03-17 15:34:19 106592 [Note] Plugin 'FEDERATED' is disabled.
2018-03-17 15:34:19 106592 [Note] InnoDB: The InnoDB memory heap is disabled
2018-03-17 15:34:19 106592 [Note] InnoDB: Mutexes and rw_locks use Windows interlocked functions
2018-03-17 15:34:19 106592 [Note] InnoDB: Compressed tables use zlib 1.2.3
2018-03-17 15:34:19 106592 [Note] InnoDB: Not using CPU crc32 instructions
2018-03-17 15:34:19 106592 [Note] InnoDB: Initializing buffer pool, size = 128.0M
2018-03-17 15:34:19 106592 [Note] InnoDB: Completed initialization of buffer pool
2018-03-17 15:34:19 106592 [Note] InnoDB: Highest supported file format is Barracuda.
2018-03-17 15:34:19 106592 [Note] InnoDB: The log sequence numbers 1626134 and 1626134 in ibdata files do not match the log sequence number 3789122 in the ib_logfiles!
2018-03-17 15:34:19 106592 [Note] InnoDB: Database was not shutdown normally!
2018-03-17 15:34:19 106592 [Note] InnoDB: Starting crash recovery.
2018-03-17 15:34:19 106592 [Note] InnoDB: Reading tablespace information from the .ibd files...
2018-03-17 15:34:19 106592 [Note] InnoDB: Restoring possible half-written data pages 
2018-03-17 15:34:19 106592 [Note] InnoDB: from the doublewrite buffer...
2018-03-17 15:34:19 106592 [Note] InnoDB: 128 rollback segment(s) are active.
2018-03-17 15:34:19 106592 [Note] InnoDB: Waiting for purge to start
2018-03-17 15:34:20 106592 [Note] InnoDB: 5.6.13 started; log sequence number 3789122
2018-03-17 15:34:20 106592 [Note] Server hostname (bind-address): '*'; port: 3307
2018-03-17 15:34:20 106592 [Note] IPv6 is available.
2018-03-17 15:34:20 106592 [Note]   - '::' resolves to '::';
2018-03-17 15:34:20 106592 [Note] Server socket created on IP: '::'.
2018-03-18 11:32:54 277552 [Note] Plugin 'FEDERATED' is disabled.
2018-03-18 11:32:54 277552 [Note] InnoDB: The InnoDB memory heap is disabled
2018-03-18 11:32:54 277552 [Note] InnoDB: Mutexes and rw_locks use Windows interlocked functions
2018-03-18 11:32:54 277552 [Note] InnoDB: Compressed tables use zlib 1.2.3
2018-03-18 11:32:54 277552 [Note] InnoDB: Not using CPU crc32 instructions
2018-03-18 11:32:54 277552 [Note] InnoDB: Initializing buffer pool, size = 128.0M
2018-03-18 11:32:54 277552 [Note] InnoDB: Completed initialization of buffer pool
2018-03-18 11:32:54 277552 [Note] InnoDB: Highest supported file format is Barracuda.
2018-03-18 11:32:54 277552 [Note] InnoDB: The log sequence numbers 1626134 and 1626134 in ibdata files do not match the log sequence number 3803470 in the ib_logfiles!
2018-03-18 11:32:54 277552 [Note] InnoDB: Database was not shutdown normally!
2018-03-18 11:32:54 277552 [Note] InnoDB: Starting crash recovery.
2018-03-18 11:32:54 277552 [Note] InnoDB: Reading tablespace information from the .ibd files...
2018-03-18 11:32:54 277552 [Note] InnoDB: Restoring possible half-written data pages 
2018-03-18 11:32:54 277552 [Note] InnoDB: from the doublewrite buffer...
2018-03-18 11:32:54 277552 [Note] InnoDB: 128 rollback segment(s) are active.
2018-03-18 11:32:54 277552 [Note] InnoDB: Waiting for purge to start
2018-03-18 11:32:54 277552 [Note] InnoDB: 5.6.13 started; log sequence number 3803470
2018-03-18 11:32:54 277552 [Note] Server hostname (bind-address): '*'; port: 3307
2018-03-18 11:32:54 277552 [Note] IPv6 is available.
2018-03-18 11:32:54 277552 [Note]   - '::' resolves to '::';
2018-03-18 11:32:54 277552 [Note] Server socket created on IP: '::'.
2018-03-19 13:36:23 388384 [Note] Plugin 'FEDERATED' is disabled.
2018-03-19 13:36:23 388384 [Note] InnoDB: The InnoDB memory heap is disabled
2018-03-19 13:36:23 388384 [Note] InnoDB: Mutexes and rw_locks use Windows interlocked functions
2018-03-19 13:36:23 388384 [Note] InnoDB: Compressed tables use zlib 1.2.3
2018-03-19 13:36:23 388384 [Note] InnoDB: Not using CPU crc32 instructions
2018-03-19 13:36:23 388384 [Note] InnoDB: Initializing buffer pool, size = 128.0M
2018-03-19 13:36:23 388384 [Note] InnoDB: Completed initialization of buffer pool
2018-03-19 13:36:23 388384 [Note] InnoDB: Highest supported file format is Barracuda.
2018-03-19 13:36:23 388384 [Note] InnoDB: The log sequence numbers 1626134 and 1626134 in ibdata files do not match the log sequence number 4013716 in the ib_logfiles!
2018-03-19 13:36:23 388384 [Note] InnoDB: Database was not shutdown normally!
2018-03-19 13:36:23 388384 [Note] InnoDB: Starting crash recovery.
2018-03-19 13:36:23 388384 [Note] InnoDB: Reading tablespace information from the .ibd files...
2018-03-19 13:36:23 388384 [Note] InnoDB: Restoring possible half-written data pages 
2018-03-19 13:36:23 388384 [Note] InnoDB: from the doublewrite buffer...
2018-03-19 13:36:24 388384 [Note] InnoDB: 128 rollback segment(s) are active.
2018-03-19 13:36:24 388384 [Note] InnoDB: Waiting for purge to start
2018-03-19 13:36:24 388384 [Note] InnoDB: 5.6.13 started; log sequence number 4013716
2018-03-19 13:36:24 388384 [Note] Server hostname (bind-address): '*'; port: 3307
2018-03-19 13:36:24 388384 [Note] IPv6 is available.
2018-03-19 13:36:24 388384 [Note]   - '::' resolves to '::';
2018-03-19 13:36:24 388384 [Note] Server socket created on IP: '::'.
2018-03-19 14:20:48 429752 [Note] Plugin 'FEDERATED' is disabled.
2018-03-19 14:20:48 429752 [Note] InnoDB: The InnoDB memory heap is disabled
2018-03-19 14:20:48 429752 [Note] InnoDB: Mutexes and rw_locks use Windows interlocked functions
2018-03-19 14:20:48 429752 [Note] InnoDB: Compressed tables use zlib 1.2.3
2018-03-19 14:20:48 429752 [Note] InnoDB: Not using CPU crc32 instructions
2018-03-19 14:20:48 429752 [Note] InnoDB: Initializing buffer pool, size = 128.0M
2018-03-19 14:20:48 429752 [Note] InnoDB: Completed initialization of buffer pool
2018-03-19 14:20:48 429752 [Note] InnoDB: Highest supported file format is Barracuda.
2018-03-19 14:20:48 429752 [Note] InnoDB: The log sequence numbers 1626134 and 1626134 in ibdata files do not match the log sequence number 4411467 in the ib_logfiles!
2018-03-19 14:20:48 429752 [Note] InnoDB: Database was not shutdown normally!
2018-03-19 14:20:48 429752 [Note] InnoDB: Starting crash recovery.
2018-03-19 14:20:48 429752 [Note] InnoDB: Reading tablespace information from the .ibd files...
2018-03-19 14:20:48 429752 [Note] InnoDB: Restoring possible half-written data pages 
2018-03-19 14:20:48 429752 [Note] InnoDB: from the doublewrite buffer...
2018-03-19 14:20:48 429752 [Note] InnoDB: 128 rollback segment(s) are active.
2018-03-19 14:20:48 429752 [Note] InnoDB: Waiting for purge to start
2018-03-19 14:20:48 429752 [Note] InnoDB: 5.6.13 started; log sequence number 4411467
2018-03-19 14:20:48 429752 [Note] Server hostname (bind-address): '*'; port: 3307
2018-03-19 14:20:48 429752 [Note] IPv6 is available.
2018-03-19 14:20:48 429752 [Note]   - '::' resolves to '::';
2018-03-19 14:20:48 429752 [Note] Server socket created on IP: '::'.
2018-03-19 15:28:26 458388 [Note] Plugin 'FEDERATED' is disabled.
2018-03-19 15:28:26 458388 [Note] InnoDB: The InnoDB memory heap is disabled
2018-03-19 15:28:26 458388 [Note] InnoDB: Mutexes and rw_locks use Windows interlocked functions
2018-03-19 15:28:26 458388 [Note] InnoDB: Compressed tables use zlib 1.2.3
2018-03-19 15:28:26 458388 [Note] InnoDB: Not using CPU crc32 instructions
2018-03-19 15:28:26 458388 [Note] InnoDB: Initializing buffer pool, size = 128.0M
2018-03-19 15:28:26 458388 [Note] InnoDB: Completed initialization of buffer pool
2018-03-19 15:28:26 458388 [Note] InnoDB: Highest supported file format is Barracuda.
2018-03-19 15:28:26 458388 [Note] InnoDB: The log sequence numbers 1626134 and 1626134 in ibdata files do not match the log sequence number 4693735 in the ib_logfiles!
2018-03-19 15:28:26 458388 [Note] InnoDB: Database was not shutdown normally!
2018-03-19 15:28:26 458388 [Note] InnoDB: Starting crash recovery.
2018-03-19 15:28:26 458388 [Note] InnoDB: Reading tablespace information from the .ibd files...
2018-03-19 15:28:26 458388 [Note] InnoDB: Restoring possible half-written data pages 
2018-03-19 15:28:26 458388 [Note] InnoDB: from the doublewrite buffer...
2018-03-19 15:28:26 458388 [Note] InnoDB: 128 rollback segment(s) are active.
2018-03-19 15:28:26 458388 [Note] InnoDB: Waiting for purge to start
2018-03-19 15:28:26 458388 [Note] InnoDB: 5.6.13 started; log sequence number 4693735
2018-03-19 15:28:26 458388 [Note] Server hostname (bind-address): '*'; port: 3307
2018-03-19 15:28:26 458388 [Note] IPv6 is available.
2018-03-19 15:28:26 458388 [Note]   - '::' resolves to '::';
2018-03-19 15:28:26 458388 [Note] Server socket created on IP: '::'.
